3.cpp: In function ‘int main()’:
3.cpp:24:15: error: no match for ‘operator<<’ (operand types are ‘std::basic_ostream<char>’ and ‘<unresolved overloaded function type>’)
  cout<<"int :"<<abs<<endl;
  ~~~~~~~~~~~~~^~~~~
In file included from /usr/include/c++/6/iostream:39:0,
                 from 3.cpp:1:
/usr/include/c++/6/ostream:108:7: note: candidate: std::basic_ostream<_CharT, _Traits>::__ostream_type& std::basic_ostream<_CharT, _Traits>::operator<<(std::basic_ostream<_CharT, _Traits>::__ostream_type& (*)(std::basic_ostream<_CharT, _Traits>::__ostream_type&)) [with _CharT = char; _Traits = std::char_traits<char>; std::basic_ostream<_CharT, _Traits>::__ostream_type = std::basic_ostream<char>]
       operator<<(__ostream_type& (*__pf)(__ostream_type&))
       ^~~~~~~~
/usr/include/c++/6/ostream:108:7: note:   no known conversion for argument 1 from ‘<unresolved overloaded function type>’ to ‘std::basic_ostream<char>::__ostream_type& (*)(std::basic_ostream<char>::__ostream_type&) {aka std::basic_ostream<char>& (*)(std::basic_ostream<char>&)}’
/usr/include/c++/6/ostream:117:7: note: candidate: std::basic_ostream<_CharT, _Traits>::__ostream_type& std::basic_ostream<_CharT, _Traits>::operator<<(std::basic_ostream<_CharT, _Traits>::__ios_type& (*)(std::basic_ostream<_CharT, _Traits>::__ios_type&)) [with _CharT = char; _Traits = std::char_traits<char>; std::basic_ostream<_CharT, _Traits>::__ostream_type = std::basic_ostream<char>; std::basic_ostream<_CharT, _Traits>::__ios_type = std::basic_ios<char>]
       operator<<(__ios_type& (*__pf)(__ios_type&))
       ^~~~~~~~
/usr/include/c++/6/ostream:117:7: note:   no known conversion for argument 1 from ‘<unresolved overloaded function type>’ to ‘std::basic_ostream<char>::__ios_type& (*)(std::basic_ostream<char>::__ios_type&) {aka std::basic_ios<char>& (*)(std::basic_ios<char>&)}’
/usr/include/c++/6/ostream:127:7: note: candidate: std::basic_ostream<_CharT, _Traits>::__ostream_type& std::basic_ostream<_CharT, _Traits>::operator<<(std::ios_base& (*)(std::ios_base&)) [with _CharT = char; _Traits = std::char_traits<char>; std::basic_ostream<_CharT, _Traits>::__ostream_type = std::basic_ostream<char>]
       operator<<(ios_base& (*__pf) (ios_base&))
       ^~~~~~~~
/usr/include/c++/6/ostream:127:7: note:   no known conversion for argument 1 from ‘<unresolved overloaded function type>’ to ‘std::ios_base& (*)(std::ios_base&)’
/usr/include/c++/6/ostream:166:7: note: candidate: std::basic_ostream<_CharT, _Traits>::__ostream_type& std::basic_ostream<_CharT, _Traits>::operator<<(long int) [with _CharT = char; _Traits = std::char_traits<char>; std::basic_ostream<_CharT, _Traits>::__ostream_type = std::basic_ostream<char>]
       operator<<(long __n)
       ^~~~~~~~
/usr/include/c++/6/ostream:166:7: note:   no known conversion for argument 1 from ‘<unresolved overloaded function type>’ to ‘long int’
/usr/include/c++/6/ostream:170:7: note: candidate: std::basic_ostream<_CharT, _Traits>::__ostream_type& std::basic_ostream<_CharT, _Traits>::operator<<(long unsigned int) [with _CharT = char; _Traits = std::char_traits<char>; std::basic_ostream<_CharT, _Traits>::__ostream_type = std::basic_ostream<char>]
       operator<<(unsigned long __n)
       ^~~~~~~~
/usr/include/c++/6/ostream:170:7: note:   no known conversion for argument 1 from ‘<unresolved overloaded function type>’ to ‘long unsigned int’
/usr/include/c++/6/ostream:174:7: note: candidate: std::basic_ostream<_CharT, _Traits>::__ostream_type& std::basic_ostream<_CharT, _Traits>::operator<<(bool) [with _CharT = char; _Traits = std::char_traits<char>; std::basic_ostream<_CharT, _Traits>::__ostream_type = std::basic_ostream<char>]
       operator<<(bool __n)
       ^~~~~~~~
/usr/include/c++/6/ostream:174:7: note:   no known conversion for argument 1 from ‘<unresolved overloaded function type>’ to ‘bool’
In file included from /usr/include/c++/6/ostream:638:0,
                 from /usr/include/c++/6/iostream:39,
                 from 3.cpp:1:
/usr/include/c++/6/bits/ostream.tcc:91:5: note: candidate: std::basic_ostream<_CharT, _Traits>& std::basic_ostream<_CharT, _Traits>::operator<<(short int) [with _CharT = char; _Traits = std::char_traits<char>]
     basic_ostream<_CharT, _Traits>::
     ^~~~~~~~~~~~~~~~~~~~~~~~~~~~~~
/usr/include/c++/6/bits/ostream.tcc:91:5: note:   no known conversion for argument 1 from ‘<unresolved overloaded function type>’ to ‘short int’
In file included from /usr/include/c++/6/iostream:39:0,
                 from 3.cpp:1:
/usr/include/c++/6/ostream:181:7: note: candidate: std::basic_ostream<_CharT, _Traits>::__ostream_type& std::basic_ostream<_CharT, _Traits>::operator<<(short unsigned int) [with _CharT = char; _Traits = std::char_traits<char>; std::basic_ostream<_CharT, _Traits>::__ostream_type = std::basic_ostream<char>]
       operator<<(unsigned short __n)
       ^~~~~~~~
/usr/include/c++/6/ostream:181:7: note:   no known conversion for argument 1 from ‘<unresolved overloaded function type>’ to ‘short unsigned int’
In file included from /usr/include/c++/6/ostream:638:0,
                 from /usr/include/c++/6/iostream:39,
                 from 3.cpp:1:
/usr/include/c++/6/bits/ostream.tcc:105:5: note: candidate: std::basic_ostream<_CharT, _Traits>& std::basic_ostream<_CharT, _Traits>::operator<<(int) [with _CharT = char; _Traits = std::char_traits<char>]
     basic_ostream<_CharT, _Traits>::
     ^~~~~~~~~~~~~~~~~~~~~~~~~~~~~~
/usr/include/c++/6/bits/ostream.tcc:105:5: note:   no known conversion for argument 1 from ‘<unresolved overloaded function type>’ to ‘int’
In file included from /usr/include/c++/6/iostream:39:0,
                 from 3.cpp:1:
/usr/include/c++/6/ostream:192:7: note: candidate: std::basic_ostream<_CharT, _Traits>::__ostream_type& std::basic_ostream<_CharT, _Traits>::operator<<(unsigned int) [with _CharT = char; _Traits = std::char_traits<char>; std::basic_ostream<_CharT, _Traits>::__ostream_type = std::basic_ostream<char>]
       operator<<(unsigned int __n)
       ^~~~~~~~
/usr/include/c++/6/ostream:192:7: note:   no known conversion for argument 1 from ‘<unresolved overloaded function type>’ to ‘unsigned int’
/usr/include/c++/6/ostream:201:7: note: candidate: std::basic_ostream<_CharT, _Traits>::__ostream_type& std::basic_ostream<_CharT, _Traits>::operator<<(long long int) [with _CharT = char; _Traits = std::char_traits<char>; std::basic_ostream<_CharT, _Traits>::__ostream_type = std::basic_ostream<char>]
       operator<<(long long __n)
       ^~~~~~~~
/usr/include/c++/6/ostream:201:7: note:   no known conversion for argument 1 from ‘<unresolved overloaded function type>’ to ‘long long int’
/usr/include/c++/6/ostream:205:7: note: candidate: std::basic_ostream<_CharT, _Traits>::__ostream_type& std::basic_ostream<_CharT, _Traits>::operator<<(long long unsigned int) [with _CharT = char; _Traits = std::char_traits<char>; std::basic_ostream<_CharT, _Traits>::__ostream_type = std::basic_ostream<char>]
       operator<<(unsigned long long __n)
       ^~~~~~~~
/usr/include/c++/6/ostream:205:7: note:   no known conversion for argument 1 from ‘<unresolved overloaded function type>’ to ‘long long unsigned int’
/usr/include/c++/6/ostream:220:7: note: candidate: std::basic_ostream<_CharT, _Traits>::__ostream_type& std::basic_ostream<_CharT, _Traits>::operator<<(double) [with _CharT = char; _Traits = std::char_traits<char>; std::basic_ostream<_CharT, _Traits>::__ostream_type = std::basic_ostream<char>]
       operator<<(double __f)
       ^~~~~~~~
/usr/include/c++/6/ostream:220:7: note:   no known conversion for argument 1 from ‘<unresolved overloaded function type>’ to ‘double’
/usr/include/c++/6/ostream:224:7: note: candidate: std::basic_ostream<_CharT, _Traits>::__ostream_type& std::basic_ostream<_CharT, _Traits>::operator<<(float) [with _CharT = char; _Traits = std::char_traits<char>; std::basic_ostream<_CharT, _Traits>::__ostream_type = std::basic_ostream<char>]
       operator<<(float __f)
       ^~~~~~~~
/usr/include/c++/6/ostream:224:7: note:   no known conversion for argument 1 from ‘<unresolved overloaded function type>’ to ‘float’
/usr/include/c++/6/ostream:232:7: note: candidate: std::basic_ostream<_CharT, _Traits>::__ostream_type& std::basic_ostream<_CharT, _Traits>::operator<<(long double) [with _CharT = char; _Traits = std::char_traits<char>; std::basic_ostream<_CharT, _Traits>::__ostream_type = std::basic_ostream<char>]
       operator<<(long double __f)
       ^~~~~~~~
/usr/include/c++/6/ostream:232:7: note:   no known conversion for argument 1 from ‘<unresolved overloaded function type>’ to ‘long double’
/usr/include/c++/6/ostream:245:7: note: candidate: std::basic_ostream<_CharT, _Traits>::__ostream_type& std::basic_ostream<_CharT, _Traits>::operator<<(const void*) [with _CharT = char; _Traits = std::char_traits<char>; std::basic_ostream<_CharT, _Traits>::__ostream_type = std::basic_ostream<char>]
       operator<<(const void* __p)
       ^~~~~~~~
/usr/include/c++/6/ostream:245:7: note:   no known conversion for argument 1 from ‘<unresolved overloaded function type>’ to ‘const void*’
In file included from /usr/include/c++/6/ostream:638:0,
                 from /usr/include/c++/6/iostream:39,
                 from 3.cpp:1:
/usr/include/c++/6/bits/ostream.tcc:119:5: note: candidate: std::basic_ostream<_CharT, _Traits>& std::basic_ostream<_CharT, _Traits>::operator<<(std::basic_ostream<_CharT, _Traits>::__streambuf_type*) [with _CharT = char; _Traits = std::char_traits<char>; std::basic_ostream<_CharT, _Traits>::__streambuf_type = std::basic_streambuf<char>]
     basic_ostream<_CharT, _Traits>::
     ^~~~~~~~~~~~~~~~~~~~~~~~~~~~~~
/usr/include/c++/6/bits/ostream.tcc:119:5: note:   no known conversion for argument 1 from ‘<unresolved overloaded function type>’ to ‘std::basic_ostream<char>::__streambuf_type* {aka std::basic_streambuf<char>*}’
In file included from /usr/include/c++/6/string:52:0,
                 from /usr/include/c++/6/bits/locale_classes.h:40,
                 from /usr/include/c++/6/bits/ios_base.h:41,
                 from /usr/include/c++/6/ios:42,
                 from /usr/include/c++/6/ostream:38,
                 from /usr/include/c++/6/iostream:39,
                 from 3.cpp:1:
/usr/include/c++/6/bits/basic_string.h:5340:5: note: candidate: template<class _CharT, class _Traits, class _Alloc> std::basic_ostream<_CharT, _Traits>& std::operator<<(std::basic_ostream<_CharT, _Traits>&, const std::__cxx11::basic_string<_CharT, _Traits, _Alloc>&)
     operator<<(basic_ostream<_CharT, _Traits>& __os,
     ^~~~~~~~
/usr/include/c++/6/bits/basic_string.h:5340:5: note:   template argument deduction/substitution failed:
3.cpp:24:17: note:   mismatched types ‘const std::__cxx11::basic_string<_CharT, _Traits, _Alloc>’ and ‘long int(long int)’
  cout<<"int :"<<abs<<endl;
                 ^~~
3.cpp:24:17: note:   mismatched types ‘const std::__cxx11::basic_string<_CharT, _Traits, _Alloc>’ and ‘long long int(long long int)’
3.cpp:24:17: note:   mismatched types ‘const std::__cxx11::basic_string<_CharT, _Traits, _Alloc>’ and ‘__int128(__int128)’
3.cpp:24:17: note:   mismatched types ‘const std::__cxx11::basic_string<_CharT, _Traits, _Alloc>’ and ‘double(double)’
3.cpp:24:17: note:   mismatched types ‘const std::__cxx11::basic_string<_CharT, _Traits, _Alloc>’ and ‘float(float)’
3.cpp:24:17: note:   mismatched types ‘const std::__cxx11::basic_string<_CharT, _Traits, _Alloc>’ and ‘int(int)’
3.cpp:24:17: note:   could not resolve address from overloaded function ‘std::abs’
In file included from /usr/include/c++/6/bits/ios_base.h:46:0,
                 from /usr/include/c++/6/ios:42,
                 from /usr/include/c++/6/ostream:38,
                 from /usr/include/c++/6/iostream:39,
                 from 3.cpp:1:
/usr/include/c++/6/system_error:209:5: note: candidate: template<class _CharT, class _Traits> std::basic_ostream<_CharT, _Traits>& std::operator<<(std::basic_ostream<_CharT, _Traits>&, const std::error_code&)
     operator<<(basic_ostream<_CharT, _Traits>& __os, const error_code& __e)
     ^~~~~~~~
/usr/include/c++/6/system_error:209:5: note:   template argument deduction/substitution failed:
3.cpp:24:17: note:   cannot convert ‘std::abs’ (type ‘<unresolved overloaded function type>’) to type ‘const std::error_code&’
  cout<<"int :"<<abs<<endl;
                 ^~~
In file included from /usr/include/c++/6/iostream:39:0,
                 from 3.cpp:1:
/usr/include/c++/6/ostream:497:5: note: candidate: template<class _CharT, class _Traits> std::basic_ostream<_CharT, _Traits>& std::operator<<(std::basic_ostream<_CharT, _Traits>&, _CharT)
     operator<<(basic_ostream<_CharT, _Traits>& __out, _CharT __c)
     ^~~~~~~~
/usr/include/c++/6/ostream:497:5: note:   template argument deduction/substitution failed:
3.cpp:24:17: note:   could not resolve address from overloaded function ‘std::abs’
  cout<<"int :"<<abs<<endl;
                 ^~~
In file included from /usr/include/c++/6/iostream:39:0,
                 from 3.cpp:1:
/usr/include/c++/6/ostream:502:5: note: candidate: template<class _CharT, class _Traits> std::basic_ostream<_CharT, _Traits>& std::operator<<(std::basic_ostream<_CharT, _Traits>&, char)
     operator<<(basic_ostream<_CharT, _Traits>& __out, char __c)
     ^~~~~~~~
/usr/include/c++/6/ostream:502:5: note:   template argument deduction/substitution failed:
3.cpp:24:17: note:   cannot convert ‘std::abs’ (type ‘<unresolved overloaded function type>’) to type ‘char’
  cout<<"int :"<<abs<<endl;
                 ^~~
In file included from /usr/include/c++/6/iostream:39:0,
                 from 3.cpp:1:
/usr/include/c++/6/ostream:508:5: note: candidate: template<class _Traits> std::basic_ostream<char, _Traits>& std::operator<<(std::basic_ostream<char, _Traits>&, char)
     operator<<(basic_ostream<char, _Traits>& __out, char __c)
     ^~~~~~~~
/usr/include/c++/6/ostream:508:5: note:   template argument deduction/substitution failed:
3.cpp:24:17: note:   cannot convert ‘std::abs’ (type ‘<unresolved overloaded function type>’) to type ‘char’
  cout<<"int :"<<abs<<endl;
                 ^~~
In file included from /usr/include/c++/6/iostream:39:0,
                 from 3.cpp:1:
/usr/include/c++/6/ostream:514:5: note: candidate: template<class _Traits> std::basic_ostream<char, _Traits>& std::operator<<(std::basic_ostream<char, _Traits>&, signed char)
     operator<<(basic_ostream<char, _Traits>& __out, signed char __c)
     ^~~~~~~~
/usr/include/c++/6/ostream:514:5: note:   template argument deduction/substitution failed:
3.cpp:24:17: note:   cannot convert ‘std::abs’ (type ‘<unresolved overloaded function type>’) to type ‘signed char’
  cout<<"int :"<<abs<<endl;
                 ^~~
In file included from /usr/include/c++/6/iostream:39:0,
                 from 3.cpp:1:
/usr/include/c++/6/ostream:519:5: note: candidate: template<class _Traits> std::basic_ostream<char, _Traits>& std::operator<<(std::basic_ostream<char, _Traits>&, unsigned char)
     operator<<(basic_ostream<char, _Traits>& __out, unsigned char __c)
     ^~~~~~~~
/usr/include/c++/6/ostream:519:5: note:   template argument deduction/substitution failed:
3.cpp:24:17: note:   cannot convert ‘std::abs’ (type ‘<unresolved overloaded function type>’) to type ‘unsigned char’
  cout<<"int :"<<abs<<endl;
                 ^~~
In file included from /usr/include/c++/6/iostream:39:0,
                 from 3.cpp:1:
/usr/include/c++/6/ostream:539:5: note: candidate: template<class _CharT, class _Traits> std::basic_ostream<_CharT, _Traits>& std::operator<<(std::basic_ostream<_CharT, _Traits>&, const _CharT*)
     operator<<(basic_ostream<_CharT, _Traits>& __out, const _CharT* __s)
     ^~~~~~~~
/usr/include/c++/6/ostream:539:5: note:   template argument deduction/substitution failed:
3.cpp:24:17: note:   types ‘const _CharT’ and ‘long int(long int)’ have incompatible cv-qualifiers
  cout<<"int :"<<abs<<endl;
                 ^~~
3.cpp:24:17: note:   types ‘const _CharT’ and ‘long long int(long long int)’ have incompatible cv-qualifiers
3.cpp:24:17: note:   types ‘const _CharT’ and ‘__int128(__int128)’ have incompatible cv-qualifiers
3.cpp:24:17: note:   types ‘const _CharT’ and ‘double(double)’ have incompatible cv-qualifiers
3.cpp:24:17: note:   types ‘const _CharT’ and ‘float(float)’ have incompatible cv-qualifiers
3.cpp:24:17: note:   types ‘const _CharT’ and ‘int(int)’ have incompatible cv-qualifiers
3.cpp:24:17: note:   could not resolve address from overloaded function ‘std::abs’
In file included from /usr/include/c++/6/ostream:638:0,
                 from /usr/include/c++/6/iostream:39,
                 from 3.cpp:1:
/usr/include/c++/6/bits/ostream.tcc:321:5: note: candidate: template<class _CharT, class _Traits> std::basic_ostream<_CharT, _Traits>& std::operator<<(std::basic_ostream<_CharT, _Traits>&, const char*)
     operator<<(basic_ostream<_CharT, _Traits>& __out, const char* __s)
     ^~~~~~~~
/usr/include/c++/6/bits/ostream.tcc:321:5: note:   template argument deduction/substitution failed:
3.cpp:24:17: note:   cannot convert ‘std::abs’ (type ‘<unresolved overloaded function type>’) to type ‘const char*’
  cout<<"int :"<<abs<<endl;
                 ^~~
In file included from /usr/include/c++/6/iostream:39:0,
                 from 3.cpp:1:
/usr/include/c++/6/ostream:556:5: note: candidate: template<class _Traits> std::basic_ostream<char, _Traits>& std::operator<<(std::basic_ostream<char, _Traits>&, const char*)
     operator<<(basic_ostream<char, _Traits>& __out, const char* __s)
     ^~~~~~~~
/usr/include/c++/6/ostream:556:5: note:   template argument deduction/substitution failed:
3.cpp:24:17: note:   cannot convert ‘std::abs’ (type ‘<unresolved overloaded function type>’) to type ‘const char*’
  cout<<"int :"<<abs<<endl;
                 ^~~
In file included from /usr/include/c++/6/iostream:39:0,
                 from 3.cpp:1:
/usr/include/c++/6/ostream:569:5: note: candidate: template<class _Traits> std::basic_ostream<char, _Traits>& std::operator<<(std::basic_ostream<char, _Traits>&, const signed char*)
     operator<<(basic_ostream<char, _Traits>& __out, const signed char* __s)
     ^~~~~~~~
/usr/include/c++/6/ostream:569:5: note:   template argument deduction/substitution failed:
3.cpp:24:17: note:   cannot convert ‘std::abs’ (type ‘<unresolved overloaded function type>’) to type ‘const signed char*’
  cout<<"int :"<<abs<<endl;
                 ^~~
In file included from /usr/include/c++/6/iostream:39:0,
                 from 3.cpp:1:
/usr/include/c++/6/ostream:574:5: note: candidate: template<class _Traits> std::basic_ostream<char, _Traits>& std::operator<<(std::basic_ostream<char, _Traits>&, const unsigned char*)
     operator<<(basic_ostream<char, _Traits>& __out, const unsigned char* __s)
     ^~~~~~~~
/usr/include/c++/6/ostream:574:5: note:   template argument deduction/substitution failed:
3.cpp:24:17: note:   cannot convert ‘std::abs’ (type ‘<unresolved overloaded function type>’) to type ‘const unsigned char*’
  cout<<"int :"<<abs<<endl;
                 ^~~
In file included from /usr/include/c++/6/iostream:39:0,
                 from 3.cpp:1:
/usr/include/c++/6/ostream:628:5: note: candidate: template<class _CharT, class _Traits, class _Tp> std::basic_ostream<_CharT, _Traits>& std::operator<<(std::basic_ostream<_CharT, _Traits>&&, const _Tp&)
     operator<<(basic_ostream<_CharT, _Traits>&& __os, const _Tp& __x)
     ^~~~~~~~
/usr/include/c++/6/ostream:628:5: note:   template argument deduction/substitution failed:
3.cpp:24:17: note:   couldn't deduce template parameter ‘_Tp’
  cout<<"int :"<<abs<<endl;
                 ^~~
3.cpp:25:17: error: no match for ‘operator<<’ (operand types are ‘std::basic_ostream<char>’ and ‘<unresolved overloaded function type>’)
  cout<<"float :"<<abs<<endl;
  ~~~~~~~~~~~~~~~^~~~~
In file included from /usr/include/c++/6/iostream:39:0,
                 from 3.cpp:1:
/usr/include/c++/6/ostream:108:7: note: candidate: std::basic_ostream<_CharT, _Traits>::__ostream_type& std::basic_ostream<_CharT, _Traits>::operator<<(std::basic_ostream<_CharT, _Traits>::__ostream_type& (*)(std::basic_ostream<_CharT, _Traits>::__ostream_type&)) [with _CharT = char; _Traits = std::char_traits<char>; std::basic_ostream<_CharT, _Traits>::__ostream_type = std::basic_ostream<char>]
       operator<<(__ostream_type& (*__pf)(__ostream_type&))
       ^~~~~~~~
/usr/include/c++/6/ostream:108:7: note:   no known conversion for argument 1 from ‘<unresolved overloaded function type>’ to ‘std::basic_ostream<char>::__ostream_type& (*)(std::basic_ostream<char>::__ostream_type&) {aka std::basic_ostream<char>& (*)(std::basic_ostream<char>&)}’
/usr/include/c++/6/ostream:117:7: note: candidate: std::basic_ostream<_CharT, _Traits>::__ostream_type& std::basic_ostream<_CharT, _Traits>::operator<<(std::basic_ostream<_CharT, _Traits>::__ios_type& (*)(std::basic_ostream<_CharT, _Traits>::__ios_type&)) [with _CharT = char; _Traits = std::char_traits<char>; std::basic_ostream<_CharT, _Traits>::__ostream_type = std::basic_ostream<char>; std::basic_ostream<_CharT, _Traits>::__ios_type = std::basic_ios<char>]
       operator<<(__ios_type& (*__pf)(__ios_type&))
       ^~~~~~~~
/usr/include/c++/6/ostream:117:7: note:   no known conversion for argument 1 from ‘<unresolved overloaded function type>’ to ‘std::basic_ostream<char>::__ios_type& (*)(std::basic_ostream<char>::__ios_type&) {aka std::basic_ios<char>& (*)(std::basic_ios<char>&)}’
/usr/include/c++/6/ostream:127:7: note: candidate: std::basic_ostream<_CharT, _Traits>::__ostream_type& std::basic_ostream<_CharT, _Traits>::operator<<(std::ios_base& (*)(std::ios_base&)) [with _CharT = char; _Traits = std::char_traits<char>; std::basic_ostream<_CharT, _Traits>::__ostream_type = std::basic_ostream<char>]
       operator<<(ios_base& (*__pf) (ios_base&))
       ^~~~~~~~
/usr/include/c++/6/ostream:127:7: note:   no known conversion for argument 1 from ‘<unresolved overloaded function type>’ to ‘std::ios_base& (*)(std::ios_base&)’
/usr/include/c++/6/ostream:166:7: note: candidate: std::basic_ostream<_CharT, _Traits>::__ostream_type& std::basic_ostream<_CharT, _Traits>::operator<<(long int) [with _CharT = char; _Traits = std::char_traits<char>; std::basic_ostream<_CharT, _Traits>::__ostream_type = std::basic_ostream<char>]
       operator<<(long __n)
       ^~~~~~~~
/usr/include/c++/6/ostream:166:7: note:   no known conversion for argument 1 from ‘<unresolved overloaded function type>’ to ‘long int’
/usr/include/c++/6/ostream:170:7: note: candidate: std::basic_ostream<_CharT, _Traits>::__ostream_type& std::basic_ostream<_CharT, _Traits>::operator<<(long unsigned int) [with _CharT = char; _Traits = std::char_traits<char>; std::basic_ostream<_CharT, _Traits>::__ostream_type = std::basic_ostream<char>]
       operator<<(unsigned long __n)
       ^~~~~~~~
/usr/include/c++/6/ostream:170:7: note:   no known conversion for argument 1 from ‘<unresolved overloaded function type>’ to ‘long unsigned int’
/usr/include/c++/6/ostream:174:7: note: candidate: std::basic_ostream<_CharT, _Traits>::__ostream_type& std::basic_ostream<_CharT, _Traits>::operator<<(bool) [with _CharT = char; _Traits = std::char_traits<char>; std::basic_ostream<_CharT, _Traits>::__ostream_type = std::basic_ostream<char>]
       operator<<(bool __n)
       ^~~~~~~~
/usr/include/c++/6/ostream:174:7: note:   no known conversion for argument 1 from ‘<unresolved overloaded function type>’ to ‘bool’
In file included from /usr/include/c++/6/ostream:638:0,
                 from /usr/include/c++/6/iostream:39,
                 from 3.cpp:1:
/usr/include/c++/6/bits/ostream.tcc:91:5: note: candidate: std::basic_ostream<_CharT, _Traits>& std::basic_ostream<_CharT, _Traits>::operator<<(short int) [with _CharT = char; _Traits = std::char_traits<char>]
     basic_ostream<_CharT, _Traits>::
     ^~~~~~~~~~~~~~~~~~~~~~~~~~~~~~
/usr/include/c++/6/bits/ostream.tcc:91:5: note:   no known conversion for argument 1 from ‘<unresolved overloaded function type>’ to ‘short int’
In file included from /usr/include/c++/6/iostream:39:0,
                 from 3.cpp:1:
/usr/include/c++/6/ostream:181:7: note: candidate: std::basic_ostream<_CharT, _Traits>::__ostream_type& std::basic_ostream<_CharT, _Traits>::operator<<(short unsigned int) [with _CharT = char; _Traits = std::char_traits<char>; std::basic_ostream<_CharT, _Traits>::__ostream_type = std::basic_ostream<char>]
       operator<<(unsigned short __n)
       ^~~~~~~~
/usr/include/c++/6/ostream:181:7: note:   no known conversion for argument 1 from ‘<unresolved overloaded function type>’ to ‘short unsigned int’
In file included from /usr/include/c++/6/ostream:638:0,
                 from /usr/include/c++/6/iostream:39,
                 from 3.cpp:1:
/usr/include/c++/6/bits/ostream.tcc:105:5: note: candidate: std::basic_ostream<_CharT, _Traits>& std::basic_ostream<_CharT, _Traits>::operator<<(int) [with _CharT = char; _Traits = std::char_traits<char>]
     basic_ostream<_CharT, _Traits>::
     ^~~~~~~~~~~~~~~~~~~~~~~~~~~~~~
/usr/include/c++/6/bits/ostream.tcc:105:5: note:   no known conversion for argument 1 from ‘<unresolved overloaded function type>’ to ‘int’
In file included from /usr/include/c++/6/iostream:39:0,
                 from 3.cpp:1:
/usr/include/c++/6/ostream:192:7: note: candidate: std::basic_ostream<_CharT, _Traits>::__ostream_type& std::basic_ostream<_CharT, _Traits>::operator<<(unsigned int) [with _CharT = char; _Traits = std::char_traits<char>; std::basic_ostream<_CharT, _Traits>::__ostream_type = std::basic_ostream<char>]
       operator<<(unsigned int __n)
       ^~~~~~~~
/usr/include/c++/6/ostream:192:7: note:   no known conversion for argument 1 from ‘<unresolved overloaded function type>’ to ‘unsigned int’
/usr/include/c++/6/ostream:201:7: note: candidate: std::basic_ostream<_CharT, _Traits>::__ostream_type& std::basic_ostream<_CharT, _Traits>::operator<<(long long int) [with _CharT = char; _Traits = std::char_traits<char>; std::basic_ostream<_CharT, _Traits>::__ostream_type = std::basic_ostream<char>]
       operator<<(long long __n)
       ^~~~~~~~
/usr/include/c++/6/ostream:201:7: note:   no known conversion for argument 1 from ‘<unresolved overloaded function type>’ to ‘long long int’
/usr/include/c++/6/ostream:205:7: note: candidate: std::basic_ostream<_CharT, _Traits>::__ostream_type& std::basic_ostream<_CharT, _Traits>::operator<<(long long unsigned int) [with _CharT = char; _Traits = std::char_traits<char>; std::basic_ostream<_CharT, _Traits>::__ostream_type = std::basic_ostream<char>]
       operator<<(unsigned long long __n)
       ^~~~~~~~
/usr/include/c++/6/ostream:205:7: note:   no known conversion for argument 1 from ‘<unresolved overloaded function type>’ to ‘long long unsigned int’
/usr/include/c++/6/ostream:220:7: note: candidate: std::basic_ostream<_CharT, _Traits>::__ostream_type& std::basic_ostream<_CharT, _Traits>::operator<<(double) [with _CharT = char; _Traits = std::char_traits<char>; std::basic_ostream<_CharT, _Traits>::__ostream_type = std::basic_ostream<char>]
       operator<<(double __f)
       ^~~~~~~~
/usr/include/c++/6/ostream:220:7: note:   no known conversion for argument 1 from ‘<unresolved overloaded function type>’ to ‘double’
/usr/include/c++/6/ostream:224:7: note: candidate: std::basic_ostream<_CharT, _Traits>::__ostream_type& std::basic_ostream<_CharT, _Traits>::operator<<(float) [with _CharT = char; _Traits = std::char_traits<char>; std::basic_ostream<_CharT, _Traits>::__ostream_type = std::basic_ostream<char>]
       operator<<(float __f)
       ^~~~~~~~
/usr/include/c++/6/ostream:224:7: note:   no known conversion for argument 1 from ‘<unresolved overloaded function type>’ to ‘float’
/usr/include/c++/6/ostream:232:7: note: candidate: std::basic_ostream<_CharT, _Traits>::__ostream_type& std::basic_ostream<_CharT, _Traits>::operator<<(long double) [with _CharT = char; _Traits = std::char_traits<char>; std::basic_ostream<_CharT, _Traits>::__ostream_type = std::basic_ostream<char>]
       operator<<(long double __f)
       ^~~~~~~~
/usr/include/c++/6/ostream:232:7: note:   no known conversion for argument 1 from ‘<unresolved overloaded function type>’ to ‘long double’
/usr/include/c++/6/ostream:245:7: note: candidate: std::basic_ostream<_CharT, _Traits>::__ostream_type& std::basic_ostream<_CharT, _Traits>::operator<<(const void*) [with _CharT = char; _Traits = std::char_traits<char>; std::basic_ostream<_CharT, _Traits>::__ostream_type = std::basic_ostream<char>]
       operator<<(const void* __p)
       ^~~~~~~~
/usr/include/c++/6/ostream:245:7: note:   no known conversion for argument 1 from ‘<unresolved overloaded function type>’ to ‘const void*’
In file included from /usr/include/c++/6/ostream:638:0,
                 from /usr/include/c++/6/iostream:39,
                 from 3.cpp:1:
/usr/include/c++/6/bits/ostream.tcc:119:5: note: candidate: std::basic_ostream<_CharT, _Traits>& std::basic_ostream<_CharT, _Traits>::operator<<(std::basic_ostream<_CharT, _Traits>::__streambuf_type*) [with _CharT = char; _Traits = std::char_traits<char>; std::basic_ostream<_CharT, _Traits>::__streambuf_type = std::basic_streambuf<char>]
     basic_ostream<_CharT, _Traits>::
     ^~~~~~~~~~~~~~~~~~~~~~~~~~~~~~
/usr/include/c++/6/bits/ostream.tcc:119:5: note:   no known conversion for argument 1 from ‘<unresolved overloaded function type>’ to ‘std::basic_ostream<char>::__streambuf_type* {aka std::basic_streambuf<char>*}’
In file included from /usr/include/c++/6/string:52:0,
                 from /usr/include/c++/6/bits/locale_classes.h:40,
                 from /usr/include/c++/6/bits/ios_base.h:41,
                 from /usr/include/c++/6/ios:42,
                 from /usr/include/c++/6/ostream:38,
                 from /usr/include/c++/6/iostream:39,
                 from 3.cpp:1:
/usr/include/c++/6/bits/basic_string.h:5340:5: note: candidate: template<class _CharT, class _Traits, class _Alloc> std::basic_ostream<_CharT, _Traits>& std::operator<<(std::basic_ostream<_CharT, _Traits>&, const std::__cxx11::basic_string<_CharT, _Traits, _Alloc>&)
     operator<<(basic_ostream<_CharT, _Traits>& __os,
     ^~~~~~~~
/usr/include/c++/6/bits/basic_string.h:5340:5: note:   template argument deduction/substitution failed:
3.cpp:25:19: note:   mismatched types ‘const std::__cxx11::basic_string<_CharT, _Traits, _Alloc>’ and ‘long int(long int)’
  cout<<"float :"<<abs<<endl;
                   ^~~
3.cpp:25:19: note:   mismatched types ‘const std::__cxx11::basic_string<_CharT, _Traits, _Alloc>’ and ‘long long int(long long int)’
3.cpp:25:19: note:   mismatched types ‘const std::__cxx11::basic_string<_CharT, _Traits, _Alloc>’ and ‘__int128(__int128)’
3.cpp:25:19: note:   mismatched types ‘const std::__cxx11::basic_string<_CharT, _Traits, _Alloc>’ and ‘double(double)’
3.cpp:25:19: note:   mismatched types ‘const std::__cxx11::basic_string<_CharT, _Traits, _Alloc>’ and ‘float(float)’
3.cpp:25:19: note:   mismatched types ‘const std::__cxx11::basic_string<_CharT, _Traits, _Alloc>’ and ‘int(int)’
3.cpp:25:19: note:   could not resolve address from overloaded function ‘std::abs’
In file included from /usr/include/c++/6/bits/ios_base.h:46:0,
                 from /usr/include/c++/6/ios:42,
                 from /usr/include/c++/6/ostream:38,
                 from /usr/include/c++/6/iostream:39,
                 from 3.cpp:1:
/usr/include/c++/6/system_error:209:5: note: candidate: template<class _CharT, class _Traits> std::basic_ostream<_CharT, _Traits>& std::operator<<(std::basic_ostream<_CharT, _Traits>&, const std::error_code&)
     operator<<(basic_ostream<_CharT, _Traits>& __os, const error_code& __e)
     ^~~~~~~~
/usr/include/c++/6/system_error:209:5: note:   template argument deduction/substitution failed:
3.cpp:25:19: note:   cannot convert ‘std::abs’ (type ‘<unresolved overloaded function type>’) to type ‘const std::error_code&’
  cout<<"float :"<<abs<<endl;
                   ^~~
In file included from /usr/include/c++/6/iostream:39:0,
                 from 3.cpp:1:
/usr/include/c++/6/ostream:497:5: note: candidate: template<class _CharT, class _Traits> std::basic_ostream<_CharT, _Traits>& std::operator<<(std::basic_ostream<_CharT, _Traits>&, _CharT)
     operator<<(basic_ostream<_CharT, _Traits>& __out, _CharT __c)
     ^~~~~~~~
/usr/include/c++/6/ostream:497:5: note:   template argument deduction/substitution failed:
3.cpp:25:19: note:   could not resolve address from overloaded function ‘std::abs’
  cout<<"float :"<<abs<<endl;
                   ^~~
In file included from /usr/include/c++/6/iostream:39:0,
                 from 3.cpp:1:
/usr/include/c++/6/ostream:502:5: note: candidate: template<class _CharT, class _Traits> std::basic_ostream<_CharT, _Traits>& std::operator<<(std::basic_ostream<_CharT, _Traits>&, char)
     operator<<(basic_ostream<_CharT, _Traits>& __out, char __c)
     ^~~~~~~~
/usr/include/c++/6/ostream:502:5: note:   template argument deduction/substitution failed:
3.cpp:25:19: note:   cannot convert ‘std::abs’ (type ‘<unresolved overloaded function type>’) to type ‘char’
  cout<<"float :"<<abs<<endl;
                   ^~~
In file included from /usr/include/c++/6/iostream:39:0,
                 from 3.cpp:1:
/usr/include/c++/6/ostream:508:5: note: candidate: template<class _Traits> std::basic_ostream<char, _Traits>& std::operator<<(std::basic_ostream<char, _Traits>&, char)
     operator<<(basic_ostream<char, _Traits>& __out, char __c)
     ^~~~~~~~
/usr/include/c++/6/ostream:508:5: note:   template argument deduction/substitution failed:
3.cpp:25:19: note:   cannot convert ‘std::abs’ (type ‘<unresolved overloaded function type>’) to type ‘char’
  cout<<"float :"<<abs<<endl;
                   ^~~
In file included from /usr/include/c++/6/iostream:39:0,
                 from 3.cpp:1:
/usr/include/c++/6/ostream:514:5: note: candidate: template<class _Traits> std::basic_ostream<char, _Traits>& std::operator<<(std::basic_ostream<char, _Traits>&, signed char)
     operator<<(basic_ostream<char, _Traits>& __out, signed char __c)
     ^~~~~~~~
/usr/include/c++/6/ostream:514:5: note:   template argument deduction/substitution failed:
3.cpp:25:19: note:   cannot convert ‘std::abs’ (type ‘<unresolved overloaded function type>’) to type ‘signed char’
  cout<<"float :"<<abs<<endl;
                   ^~~
In file included from /usr/include/c++/6/iostream:39:0,
                 from 3.cpp:1:
/usr/include/c++/6/ostream:519:5: note: candidate: template<class _Traits> std::basic_ostream<char, _Traits>& std::operator<<(std::basic_ostream<char, _Traits>&, unsigned char)
     operator<<(basic_ostream<char, _Traits>& __out, unsigned char __c)
     ^~~~~~~~
/usr/include/c++/6/ostream:519:5: note:   template argument deduction/substitution failed:
3.cpp:25:19: note:   cannot convert ‘std::abs’ (type ‘<unresolved overloaded function type>’) to type ‘unsigned char’
  cout<<"float :"<<abs<<endl;
                   ^~~
In file included from /usr/include/c++/6/iostream:39:0,
                 from 3.cpp:1:
/usr/include/c++/6/ostream:539:5: note: candidate: template<class _CharT, class _Traits> std::basic_ostream<_CharT, _Traits>& std::operator<<(std::basic_ostream<_CharT, _Traits>&, const _CharT*)
     operator<<(basic_ostream<_CharT, _Traits>& __out, const _CharT* __s)
     ^~~~~~~~
/usr/include/c++/6/ostream:539:5: note:   template argument deduction/substitution failed:
3.cpp:25:19: note:   types ‘const _CharT’ and ‘long int(long int)’ have incompatible cv-qualifiers
  cout<<"float :"<<abs<<endl;
                   ^~~
3.cpp:25:19: note:   types ‘const _CharT’ and ‘long long int(long long int)’ have incompatible cv-qualifiers
3.cpp:25:19: note:   types ‘const _CharT’ and ‘__int128(__int128)’ have incompatible cv-qualifiers
3.cpp:25:19: note:   types ‘const _CharT’ and ‘double(double)’ have incompatible cv-qualifiers
3.cpp:25:19: note:   types ‘const _CharT’ and ‘float(float)’ have incompatible cv-qualifiers
3.cpp:25:19: note:   types ‘const _CharT’ and ‘int(int)’ have incompatible cv-qualifiers
3.cpp:25:19: note:   could not resolve address from overloaded function ‘std::abs’
In file included from /usr/include/c++/6/ostream:638:0,
                 from /usr/include/c++/6/iostream:39,
                 from 3.cpp:1:
/usr/include/c++/6/bits/ostream.tcc:321:5: note: candidate: template<class _CharT, class _Traits> std::basic_ostream<_CharT, _Traits>& std::operator<<(std::basic_ostream<_CharT, _Traits>&, const char*)
     operator<<(basic_ostream<_CharT, _Traits>& __out, const char* __s)
     ^~~~~~~~
/usr/include/c++/6/bits/ostream.tcc:321:5: note:   template argument deduction/substitution failed:
3.cpp:25:19: note:   cannot convert ‘std::abs’ (type ‘<unresolved overloaded function type>’) to type ‘const char*’
  cout<<"float :"<<abs<<endl;
                   ^~~
In file included from /usr/include/c++/6/iostream:39:0,
                 from 3.cpp:1:
/usr/include/c++/6/ostream:556:5: note: candidate: template<class _Traits> std::basic_ostream<char, _Traits>& std::operator<<(std::basic_ostream<char, _Traits>&, const char*)
     operator<<(basic_ostream<char, _Traits>& __out, const char* __s)
     ^~~~~~~~
/usr/include/c++/6/ostream:556:5: note:   template argument deduction/substitution failed:
3.cpp:25:19: note:   cannot convert ‘std::abs’ (type ‘<unresolved overloaded function type>’) to type ‘const char*’
  cout<<"float :"<<abs<<endl;
                   ^~~
In file included from /usr/include/c++/6/iostream:39:0,
                 from 3.cpp:1:
/usr/include/c++/6/ostream:569:5: note: candidate: template<class _Traits> std::basic_ostream<char, _Traits>& std::operator<<(std::basic_ostream<char, _Traits>&, const signed char*)
     operator<<(basic_ostream<char, _Traits>& __out, const signed char* __s)
     ^~~~~~~~
/usr/include/c++/6/ostream:569:5: note:   template argument deduction/substitution failed:
3.cpp:25:19: note:   cannot convert ‘std::abs’ (type ‘<unresolved overloaded function type>’) to type ‘const signed char*’
  cout<<"float :"<<abs<<endl;
                   ^~~
In file included from /usr/include/c++/6/iostream:39:0,
                 from 3.cpp:1:
/usr/include/c++/6/ostream:574:5: note: candidate: template<class _Traits> std::basic_ostream<char, _Traits>& std::operator<<(std::basic_ostream<char, _Traits>&, const unsigned char*)
     operator<<(basic_ostream<char, _Traits>& __out, const unsigned char* __s)
     ^~~~~~~~
/usr/include/c++/6/ostream:574:5: note:   template argument deduction/substitution failed:
3.cpp:25:19: note:   cannot convert ‘std::abs’ (type ‘<unresolved overloaded function type>’) to type ‘const unsigned char*’
  cout<<"float :"<<abs<<endl;
                   ^~~
In file included from /usr/include/c++/6/iostream:39:0,
                 from 3.cpp:1:
/usr/include/c++/6/ostream:628:5: note: candidate: template<class _CharT, class _Traits, class _Tp> std::basic_ostream<_CharT, _Traits>& std::operator<<(std::basic_ostream<_CharT, _Traits>&&, const _Tp&)
     operator<<(basic_ostream<_CharT, _Traits>&& __os, const _Tp& __x)
     ^~~~~~~~
/usr/include/c++/6/ostream:628:5: note:   template argument deduction/substitution failed:
3.cpp:25:19: note:   couldn't deduce template parameter ‘_Tp’
  cout<<"float :"<<abs<<endl;
                   ^~~
3.cpp:26:18: error: no match for ‘operator<<’ (operand types are ‘std::basic_ostream<char>’ and ‘<unresolved overloaded function type>’)
  cout<<"double :"<<abs;
  ~~~~~~~~~~~~~~~~^~~~~
In file included from /usr/include/c++/6/iostream:39:0,
                 from 3.cpp:1:
/usr/include/c++/6/ostream:108:7: note: candidate: std::basic_ostream<_CharT, _Traits>::__ostream_type& std::basic_ostream<_CharT, _Traits>::operator<<(std::basic_ostream<_CharT, _Traits>::__ostream_type& (*)(std::basic_ostream<_CharT, _Traits>::__ostream_type&)) [with _CharT = char; _Traits = std::char_traits<char>; std::basic_ostream<_CharT, _Traits>::__ostream_type = std::basic_ostream<char>]
       operator<<(__ostream_type& (*__pf)(__ostream_type&))
       ^~~~~~~~
/usr/include/c++/6/ostream:108:7: note:   no known conversion for argument 1 from ‘<unresolved overloaded function type>’ to ‘std::basic_ostream<char>::__ostream_type& (*)(std::basic_ostream<char>::__ostream_type&) {aka std::basic_ostream<char>& (*)(std::basic_ostream<char>&)}’
/usr/include/c++/6/ostream:117:7: note: candidate: std::basic_ostream<_CharT, _Traits>::__ostream_type& std::basic_ostream<_CharT, _Traits>::operator<<(std::basic_ostream<_CharT, _Traits>::__ios_type& (*)(std::basic_ostream<_CharT, _Traits>::__ios_type&)) [with _CharT = char; _Traits = std::char_traits<char>; std::basic_ostream<_CharT, _Traits>::__ostream_type = std::basic_ostream<char>; std::basic_ostream<_CharT, _Traits>::__ios_type = std::basic_ios<char>]
       operator<<(__ios_type& (*__pf)(__ios_type&))
       ^~~~~~~~
/usr/include/c++/6/ostream:117:7: note:   no known conversion for argument 1 from ‘<unresolved overloaded function type>’ to ‘std::basic_ostream<char>::__ios_type& (*)(std::basic_ostream<char>::__ios_type&) {aka std::basic_ios<char>& (*)(std::basic_ios<char>&)}’
/usr/include/c++/6/ostream:127:7: note: candidate: std::basic_ostream<_CharT, _Traits>::__ostream_type& std::basic_ostream<_CharT, _Traits>::operator<<(std::ios_base& (*)(std::ios_base&)) [with _CharT = char; _Traits = std::char_traits<char>; std::basic_ostream<_CharT, _Traits>::__ostream_type = std::basic_ostream<char>]
       operator<<(ios_base& (*__pf) (ios_base&))
       ^~~~~~~~
/usr/include/c++/6/ostream:127:7: note:   no known conversion for argument 1 from ‘<unresolved overloaded function type>’ to ‘std::ios_base& (*)(std::ios_base&)’
/usr/include/c++/6/ostream:166:7: note: candidate: std::basic_ostream<_CharT, _Traits>::__ostream_type& std::basic_ostream<_CharT, _Traits>::operator<<(long int) [with _CharT = char; _Traits = std::char_traits<char>; std::basic_ostream<_CharT, _Traits>::__ostream_type = std::basic_ostream<char>]
       operator<<(long __n)
       ^~~~~~~~
/usr/include/c++/6/ostream:166:7: note:   no known conversion for argument 1 from ‘<unresolved overloaded function type>’ to ‘long int’
/usr/include/c++/6/ostream:170:7: note: candidate: std::basic_ostream<_CharT, _Traits>::__ostream_type& std::basic_ostream<_CharT, _Traits>::operator<<(long unsigned int) [with _CharT = char; _Traits = std::char_traits<char>; std::basic_ostream<_CharT, _Traits>::__ostream_type = std::basic_ostream<char>]
       operator<<(unsigned long __n)
       ^~~~~~~~
/usr/include/c++/6/ostream:170:7: note:   no known conversion for argument 1 from ‘<unresolved overloaded function type>’ to ‘long unsigned int’
/usr/include/c++/6/ostream:174:7: note: candidate: std::basic_ostream<_CharT, _Traits>::__ostream_type& std::basic_ostream<_CharT, _Traits>::operator<<(bool) [with _CharT = char; _Traits = std::char_traits<char>; std::basic_ostream<_CharT, _Traits>::__ostream_type = std::basic_ostream<char>]
       operator<<(bool __n)
       ^~~~~~~~
/usr/include/c++/6/ostream:174:7: note:   no known conversion for argument 1 from ‘<unresolved overloaded function type>’ to ‘bool’
In file included from /usr/include/c++/6/ostream:638:0,
                 from /usr/include/c++/6/iostream:39,
                 from 3.cpp:1:
/usr/include/c++/6/bits/ostream.tcc:91:5: note: candidate: std::basic_ostream<_CharT, _Traits>& std::basic_ostream<_CharT, _Traits>::operator<<(short int) [with _CharT = char; _Traits = std::char_traits<char>]
     basic_ostream<_CharT, _Traits>::
     ^~~~~~~~~~~~~~~~~~~~~~~~~~~~~~
/usr/include/c++/6/bits/ostream.tcc:91:5: note:   no known conversion for argument 1 from ‘<unresolved overloaded function type>’ to ‘short int’
In file included from /usr/include/c++/6/iostream:39:0,
                 from 3.cpp:1:
/usr/include/c++/6/ostream:181:7: note: candidate: std::basic_ostream<_CharT, _Traits>::__ostream_type& std::basic_ostream<_CharT, _Traits>::operator<<(short unsigned int) [with _CharT = char; _Traits = std::char_traits<char>; std::basic_ostream<_CharT, _Traits>::__ostream_type = std::basic_ostream<char>]
       operator<<(unsigned short __n)
       ^~~~~~~~
/usr/include/c++/6/ostream:181:7: note:   no known conversion for argument 1 from ‘<unresolved overloaded function type>’ to ‘short unsigned int’
In file included from /usr/include/c++/6/ostream:638:0,
                 from /usr/include/c++/6/iostream:39,
                 from 3.cpp:1:
/usr/include/c++/6/bits/ostream.tcc:105:5: note: candidate: std::basic_ostream<_CharT, _Traits>& std::basic_ostream<_CharT, _Traits>::operator<<(int) [with _CharT = char; _Traits = std::char_traits<char>]
     basic_ostream<_CharT, _Traits>::
     ^~~~~~~~~~~~~~~~~~~~~~~~~~~~~~
/usr/include/c++/6/bits/ostream.tcc:105:5: note:   no known conversion for argument 1 from ‘<unresolved overloaded function type>’ to ‘int’
In file included from /usr/include/c++/6/iostream:39:0,
                 from 3.cpp:1:
/usr/include/c++/6/ostream:192:7: note: candidate: std::basic_ostream<_CharT, _Traits>::__ostream_type& std::basic_ostream<_CharT, _Traits>::operator<<(unsigned int) [with _CharT = char; _Traits = std::char_traits<char>; std::basic_ostream<_CharT, _Traits>::__ostream_type = std::basic_ostream<char>]
       operator<<(unsigned int __n)
       ^~~~~~~~
/usr/include/c++/6/ostream:192:7: note:   no known conversion for argument 1 from ‘<unresolved overloaded function type>’ to ‘unsigned int’
/usr/include/c++/6/ostream:201:7: note: candidate: std::basic_ostream<_CharT, _Traits>::__ostream_type& std::basic_ostream<_CharT, _Traits>::operator<<(long long int) [with _CharT = char; _Traits = std::char_traits<char>; std::basic_ostream<_CharT, _Traits>::__ostream_type = std::basic_ostream<char>]
       operator<<(long long __n)
       ^~~~~~~~
/usr/include/c++/6/ostream:201:7: note:   no known conversion for argument 1 from ‘<unresolved overloaded function type>’ to ‘long long int’
/usr/include/c++/6/ostream:205:7: note: candidate: std::basic_ostream<_CharT, _Traits>::__ostream_type& std::basic_ostream<_CharT, _Traits>::operator<<(long long unsigned int) [with _CharT = char; _Traits = std::char_traits<char>; std::basic_ostream<_CharT, _Traits>::__ostream_type = std::basic_ostream<char>]
       operator<<(unsigned long long __n)
       ^~~~~~~~
/usr/include/c++/6/ostream:205:7: note:   no known conversion for argument 1 from ‘<unresolved overloaded function type>’ to ‘long long unsigned int’
/usr/include/c++/6/ostream:220:7: note: candidate: std::basic_ostream<_CharT, _Traits>::__ostream_type& std::basic_ostream<_CharT, _Traits>::operator<<(double) [with _CharT = char; _Traits = std::char_traits<char>; std::basic_ostream<_CharT, _Traits>::__ostream_type = std::basic_ostream<char>]
       operator<<(double __f)
       ^~~~~~~~
/usr/include/c++/6/ostream:220:7: note:   no known conversion for argument 1 from ‘<unresolved overloaded function type>’ to ‘double’
/usr/include/c++/6/ostream:224:7: note: candidate: std::basic_ostream<_CharT, _Traits>::__ostream_type& std::basic_ostream<_CharT, _Traits>::operator<<(float) [with _CharT = char; _Traits = std::char_traits<char>; std::basic_ostream<_CharT, _Traits>::__ostream_type = std::basic_ostream<char>]
       operator<<(float __f)
       ^~~~~~~~
/usr/include/c++/6/ostream:224:7: note:   no known conversion for argument 1 from ‘<unresolved overloaded function type>’ to ‘float’
/usr/include/c++/6/ostream:232:7: note: candidate: std::basic_ostream<_CharT, _Traits>::__ostream_type& std::basic_ostream<_CharT, _Traits>::operator<<(long double) [with _CharT = char; _Traits = std::char_traits<char>; std::basic_ostream<_CharT, _Traits>::__ostream_type = std::basic_ostream<char>]
       operator<<(long double __f)
       ^~~~~~~~
/usr/include/c++/6/ostream:232:7: note:   no known conversion for argument 1 from ‘<unresolved overloaded function type>’ to ‘long double’
/usr/include/c++/6/ostream:245:7: note: candidate: std::basic_ostream<_CharT, _Traits>::__ostream_type& std::basic_ostream<_CharT, _Traits>::operator<<(const void*) [with _CharT = char; _Traits = std::char_traits<char>; std::basic_ostream<_CharT, _Traits>::__ostream_type = std::basic_ostream<char>]
       operator<<(const void* __p)
       ^~~~~~~~
/usr/include/c++/6/ostream:245:7: note:   no known conversion for argument 1 from ‘<unresolved overloaded function type>’ to ‘const void*’
In file included from /usr/include/c++/6/ostream:638:0,
                 from /usr/include/c++/6/iostream:39,
                 from 3.cpp:1:
/usr/include/c++/6/bits/ostream.tcc:119:5: note: candidate: std::basic_ostream<_CharT, _Traits>& std::basic_ostream<_CharT, _Traits>::operator<<(std::basic_ostream<_CharT, _Traits>::__streambuf_type*) [with _CharT = char; _Traits = std::char_traits<char>; std::basic_ostream<_CharT, _Traits>::__streambuf_type = std::basic_streambuf<char>]
     basic_ostream<_CharT, _Traits>::
     ^~~~~~~~~~~~~~~~~~~~~~~~~~~~~~
/usr/include/c++/6/bits/ostream.tcc:119:5: note:   no known conversion for argument 1 from ‘<unresolved overloaded function type>’ to ‘std::basic_ostream<char>::__streambuf_type* {aka std::basic_streambuf<char>*}’
In file included from /usr/include/c++/6/string:52:0,
                 from /usr/include/c++/6/bits/locale_classes.h:40,
                 from /usr/include/c++/6/bits/ios_base.h:41,
                 from /usr/include/c++/6/ios:42,
                 from /usr/include/c++/6/ostream:38,
                 from /usr/include/c++/6/iostream:39,
                 from 3.cpp:1:
/usr/include/c++/6/bits/basic_string.h:5340:5: note: candidate: template<class _CharT, class _Traits, class _Alloc> std::basic_ostream<_CharT, _Traits>& std::operator<<(std::basic_ostream<_CharT, _Traits>&, const std::__cxx11::basic_string<_CharT, _Traits, _Alloc>&)
     operator<<(basic_ostream<_CharT, _Traits>& __os,
     ^~~~~~~~
/usr/include/c++/6/bits/basic_string.h:5340:5: note:   template argument deduction/substitution failed:
3.cpp:26:20: note:   mismatched types ‘const std::__cxx11::basic_string<_CharT, _Traits, _Alloc>’ and ‘long int(long int)’
  cout<<"double :"<<abs;
                    ^~~
3.cpp:26:20: note:   mismatched types ‘const std::__cxx11::basic_string<_CharT, _Traits, _Alloc>’ and ‘long long int(long long int)’
3.cpp:26:20: note:   mismatched types ‘const std::__cxx11::basic_string<_CharT, _Traits, _Alloc>’ and ‘__int128(__int128)’
3.cpp:26:20: note:   mismatched types ‘const std::__cxx11::basic_string<_CharT, _Traits, _Alloc>’ and ‘double(double)’
3.cpp:26:20: note:   mismatched types ‘const std::__cxx11::basic_string<_CharT, _Traits, _Alloc>’ and ‘float(float)’
3.cpp:26:20: note:   mismatched types ‘const std::__cxx11::basic_string<_CharT, _Traits, _Alloc>’ and ‘int(int)’
3.cpp:26:20: note:   could not resolve address from overloaded function ‘std::abs’
In file included from /usr/include/c++/6/bits/ios_base.h:46:0,
                 from /usr/include/c++/6/ios:42,
                 from /usr/include/c++/6/ostream:38,
                 from /usr/include/c++/6/iostream:39,
                 from 3.cpp:1:
/usr/include/c++/6/system_error:209:5: note: candidate: template<class _CharT, class _Traits> std::basic_ostream<_CharT, _Traits>& std::operator<<(std::basic_ostream<_CharT, _Traits>&, const std::error_code&)
     operator<<(basic_ostream<_CharT, _Traits>& __os, const error_code& __e)
     ^~~~~~~~
/usr/include/c++/6/system_error:209:5: note:   template argument deduction/substitution failed:
3.cpp:26:20: note:   cannot convert ‘std::abs’ (type ‘<unresolved overloaded function type>’) to type ‘const std::error_code&’
  cout<<"double :"<<abs;
                    ^~~
In file included from /usr/include/c++/6/iostream:39:0,
                 from 3.cpp:1:
/usr/include/c++/6/ostream:497:5: note: candidate: template<class _CharT, class _Traits> std::basic_ostream<_CharT, _Traits>& std::operator<<(std::basic_ostream<_CharT, _Traits>&, _CharT)
     operator<<(basic_ostream<_CharT, _Traits>& __out, _CharT __c)
     ^~~~~~~~
/usr/include/c++/6/ostream:497:5: note:   template argument deduction/substitution failed:
3.cpp:26:20: note:   could not resolve address from overloaded function ‘std::abs’
  cout<<"double :"<<abs;
                    ^~~
In file included from /usr/include/c++/6/iostream:39:0,
                 from 3.cpp:1:
/usr/include/c++/6/ostream:502:5: note: candidate: template<class _CharT, class _Traits> std::basic_ostream<_CharT, _Traits>& std::operator<<(std::basic_ostream<_CharT, _Traits>&, char)
     operator<<(basic_ostream<_CharT, _Traits>& __out, char __c)
     ^~~~~~~~
/usr/include/c++/6/ostream:502:5: note:   template argument deduction/substitution failed:
3.cpp:26:20: note:   cannot convert ‘std::abs’ (type ‘<unresolved overloaded function type>’) to type ‘char’
  cout<<"double :"<<abs;
                    ^~~
In file included from /usr/include/c++/6/iostream:39:0,
                 from 3.cpp:1:
/usr/include/c++/6/ostream:508:5: note: candidate: template<class _Traits> std::basic_ostream<char, _Traits>& std::operator<<(std::basic_ostream<char, _Traits>&, char)
     operator<<(basic_ostream<char, _Traits>& __out, char __c)
     ^~~~~~~~
/usr/include/c++/6/ostream:508:5: note:   template argument deduction/substitution failed:
3.cpp:26:20: note:   cannot convert ‘std::abs’ (type ‘<unresolved overloaded function type>’) to type ‘char’
  cout<<"double :"<<abs;
                    ^~~
In file included from /usr/include/c++/6/iostream:39:0,
                 from 3.cpp:1:
/usr/include/c++/6/ostream:514:5: note: candidate: template<class _Traits> std::basic_ostream<char, _Traits>& std::operator<<(std::basic_ostream<char, _Traits>&, signed char)
     operator<<(basic_ostream<char, _Traits>& __out, signed char __c)
     ^~~~~~~~
/usr/include/c++/6/ostream:514:5: note:   template argument deduction/substitution failed:
3.cpp:26:20: note:   cannot convert ‘std::abs’ (type ‘<unresolved overloaded function type>’) to type ‘signed char’
  cout<<"double :"<<abs;
                    ^~~
In file included from /usr/include/c++/6/iostream:39:0,
                 from 3.cpp:1:
/usr/include/c++/6/ostream:519:5: note: candidate: template<class _Traits> std::basic_ostream<char, _Traits>& std::operator<<(std::basic_ostream<char, _Traits>&, unsigned char)
     operator<<(basic_ostream<char, _Traits>& __out, unsigned char __c)
     ^~~~~~~~
/usr/include/c++/6/ostream:519:5: note:   template argument deduction/substitution failed:
3.cpp:26:20: note:   cannot convert ‘std::abs’ (type ‘<unresolved overloaded function type>’) to type ‘unsigned char’
  cout<<"double :"<<abs;
                    ^~~
In file included from /usr/include/c++/6/iostream:39:0,
                 from 3.cpp:1:
/usr/include/c++/6/ostream:539:5: note: candidate: template<class _CharT, class _Traits> std::basic_ostream<_CharT, _Traits>& std::operator<<(std::basic_ostream<_CharT, _Traits>&, const _CharT*)
     operator<<(basic_ostream<_CharT, _Traits>& __out, const _CharT* __s)
     ^~~~~~~~
/usr/include/c++/6/ostream:539:5: note:   template argument deduction/substitution failed:
3.cpp:26:20: note:   types ‘const _CharT’ and ‘long int(long int)’ have incompatible cv-qualifiers
  cout<<"double :"<<abs;
                    ^~~
3.cpp:26:20: note:   types ‘const _CharT’ and ‘long long int(long long int)’ have incompatible cv-qualifiers
3.cpp:26:20: note:   types ‘const _CharT’ and ‘__int128(__int128)’ have incompatible cv-qualifiers
3.cpp:26:20: note:   types ‘const _CharT’ and ‘double(double)’ have incompatible cv-qualifiers
3.cpp:26:20: note:   types ‘const _CharT’ and ‘float(float)’ have incompatible cv-qualifiers
3.cpp:26:20: note:   types ‘const _CharT’ and ‘int(int)’ have incompatible cv-qualifiers
3.cpp:26:20: note:   could not resolve address from overloaded function ‘std::abs’
In file included from /usr/include/c++/6/ostream:638:0,
                 from /usr/include/c++/6/iostream:39,
                 from 3.cpp:1:
/usr/include/c++/6/bits/ostream.tcc:321:5: note: candidate: template<class _CharT, class _Traits> std::basic_ostream<_CharT, _Traits>& std::operator<<(std::basic_ostream<_CharT, _Traits>&, const char*)
     operator<<(basic_ostream<_CharT, _Traits>& __out, const char* __s)
     ^~~~~~~~
/usr/include/c++/6/bits/ostream.tcc:321:5: note:   template argument deduction/substitution failed:
3.cpp:26:20: note:   cannot convert ‘std::abs’ (type ‘<unresolved overloaded function type>’) to type ‘const char*’
  cout<<"double :"<<abs;
                    ^~~
In file included from /usr/include/c++/6/iostream:39:0,
                 from 3.cpp:1:
/usr/include/c++/6/ostream:556:5: note: candidate: template<class _Traits> std::basic_ostream<char, _Traits>& std::operator<<(std::basic_ostream<char, _Traits>&, const char*)
     operator<<(basic_ostream<char, _Traits>& __out, const char* __s)
     ^~~~~~~~
/usr/include/c++/6/ostream:556:5: note:   template argument deduction/substitution failed:
3.cpp:26:20: note:   cannot convert ‘std::abs’ (type ‘<unresolved overloaded function type>’) to type ‘const char*’
  cout<<"double :"<<abs;
                    ^~~
In file included from /usr/include/c++/6/iostream:39:0,
                 from 3.cpp:1:
/usr/include/c++/6/ostream:569:5: note: candidate: template<class _Traits> std::basic_ostream<char, _Traits>& std::operator<<(std::basic_ostream<char, _Traits>&, const signed char*)
     operator<<(basic_ostream<char, _Traits>& __out, const signed char* __s)
     ^~~~~~~~
/usr/include/c++/6/ostream:569:5: note:   template argument deduction/substitution failed:
3.cpp:26:20: note:   cannot convert ‘std::abs’ (type ‘<unresolved overloaded function type>’) to type ‘const signed char*’
  cout<<"double :"<<abs;
                    ^~~
In file included from /usr/include/c++/6/iostream:39:0,
                 from 3.cpp:1:
/usr/include/c++/6/ostream:574:5: note: candidate: template<class _Traits> std::basic_ostream<char, _Traits>& std::operator<<(std::basic_ostream<char, _Traits>&, const unsigned char*)
     operator<<(basic_ostream<char, _Traits>& __out, const unsigned char* __s)
     ^~~~~~~~
/usr/include/c++/6/ostream:574:5: note:   template argument deduction/substitution failed:
3.cpp:26:20: note:   cannot convert ‘std::abs’ (type ‘<unresolved overloaded function type>’) to type ‘const unsigned char*’
  cout<<"double :"<<abs;
                    ^~~
In file included from /usr/include/c++/6/iostream:39:0,
                 from 3.cpp:1:
/usr/include/c++/6/ostream:628:5: note: candidate: template<class _CharT, class _Traits, class _Tp> std::basic_ostream<_CharT, _Traits>& std::operator<<(std::basic_ostream<_CharT, _Traits>&&, const _Tp&)
     operator<<(basic_ostream<_CharT, _Traits>&& __os, const _Tp& __x)
     ^~~~~~~~
/usr/include/c++/6/ostream:628:5: note:   template argument deduction/substitution failed:
3.cpp:26:20: note:   couldn't deduce template parameter ‘_Tp’
  cout<<"double :"<<abs;
                    ^~~
