
Xvnc Free Edition 4.1.1 - built Feb 25 2015 23:02:21
Copyright (C) 2002-2005 RealVNC Ltd.
See http://www.realvnc.com for information on VNC.
Underlying X server release 40300000, The XFree86 Project, Inc


Tue Sep 11 08:39:00 2018
 vncext:      VNC extension running!
 vncext:      Listening for VNC connections on port 5902
 vncext:      created VNC server for screen 0
error opening security policy file /etc/X11/xserver/SecurityPolicy
Could not init font path element /usr/X11R6/lib/X11/fonts/Type1/, removing from list!
Could not init font path element /usr/X11R6/lib/X11/fonts/Speedo/, removing from list!
Could not init font path element /usr/X11R6/lib/X11/fonts/misc/, removing from list!
Could not init font path element /usr/X11R6/lib/X11/fonts/75dpi/, removing from list!
Could not init font path element /usr/X11R6/lib/X11/fonts/100dpi/, removing from list!
Could not init font path element /usr/share/fonts/X11/75dpi/, removing from list!
Could not init font path element /usr/share/fonts/X11/100dpi/, removing from list!

(x-window-manager:16609): xfwm4-WARNING **: The display does not support the XRender extension.

(x-window-manager:16609): xfwm4-WARNING **: The display does not support the XComposite extension.

(x-window-manager:16609): xfwm4-WARNING **: The display does not support the XDamage extension.

(x-window-manager:16609): xfwm4-WARNING **: The display does not support the XFixes extension.

(x-window-manager:16609): xfwm4-WARNING **: Compositing manager disabled.

(x-window-manager:16609): xfwm4-WARNING **: Cannot find visual format on screen 0

(x-window-manager:16609): xfwm4-WARNING **: Failed to connect to session manager: Failed to connect to the session manager: SESSION_MANAGER environment variable not defined
x-window-manager: Fatal IO error 11 (Resource temporarily unavailable) on X server :2.
